# JRE version: Java(TM) SE Runtime Environment (8.0_401) (build 1.8.0_401-b10)
# Java VM: Java HotSpot(TM) 64-Bit Server VM (25.401-b10 mixed mode windows-amd64 compressed oops)
Heap:
 PSYoungGen      total 17408K, used 4227K [0x000000078b600000, 0x000000078cd00000, 0x00000007c0000000)
  eden space 11776K, 31% used [0x000000078b600000,0x000000078b9abab8,0x000000078c180000)
  from space 5632K, 8% used [0x000000078c180000,0x000000078c1f54a8,0x000000078c700000)
  to   space 4608K, 0% used [0x000000078c700000,0x000000078c700000,0x000000078cb80000)
 ParOldGen       total 11776K, used 11493K [0x0000000722200000, 0x0000000722d80000, 0x000000078b600000)
  object space 11776K, 97% used [0x0000000722200000,0x0000000722d39788,0x0000000722d80000)
 Metaspace       used 9813K, capacity 10164K, committed 10368K, reserved 1058816K
  class space    used 1088K, capacity 1136K, committed 1152K, reserved 1048576K
GC Heap History (10 events):
Event: 0.660 GC heap before
{Heap before GC invocations=9 (full 1):
 PSYoungGen      total 12800K, used 2546K [0x000000078b600000, 0x000000078c800000, 0x00000007c0000000)
  eden space 10240K, 0% used [0x000000078b600000,0x000000078b600000,0x000000078c000000)
  from space 2560K, 99% used [0x000000078c380000,0x000000078c5fc9a8,0x000000078c600000)
  to   space 3584K, 0% used [0x000000078c000000,0x000000078c000000,0x000000078c380000)
 ParOldGen       total 5632K, used 4610K [0x0000000722200000, 0x0000000722780000, 0x000000078b600000)
  object space 5632K, 81% used [0x0000000722200000,0x0000000722680ba8,0x0000000722780000)
 Metaspace       used 7612K, capacity 8372K, committed 8704K, reserved 1056768K
  class space    used 903K, capacity 944K, committed 1024K, reserved 1048576K
Event: 0.703 GC heap after
Heap after GC invocations=9 (full 1):
 PSYoungGen      total 12800K, used 964K [0x000000078b600000, 0x000000078c800000, 0x00000007c0000000)
  eden space 10240K, 0% used [0x000000078b600000,0x000000078b600000,0x000000078c000000)
  from space 2560K, 37% used [0x000000078c380000,0x000000078c471148,0x000000078c600000)
  to   space 3584K, 0% used [0x000000078c000000,0x000000078c000000,0x000000078c380000)
 ParOldGen       total 9728K, used 5327K [0x0000000722200000, 0x0000000722b80000, 0x000000078b600000)
  object space 9728K, 54% used [0x0000000722200000,0x0000000722733d10,0x0000000722b80000)
 Metaspace       used 7612K, capacity 8372K, committed 8704K, reserved 1056768K
  class space    used 903K, capacity 944K, committed 1024K, reserved 1048576K
}
Event: 0.812 GC heap before
{Heap before GC invocations=10 (full 1):
 PSYoungGen      total 12800K, used 11204K [0x000000078b600000, 0x000000078c800000, 0x00000007c0000000)
  eden space 10240K, 100% used [0x000000078b600000,0x000000078c000000,0x000000078c000000)
  from space 2560K, 37% used [0x000000078c380000,0x000000078c471148,0x000000078c600000)
  to   space 3584K, 0% used [0x000000078c000000,0x000000078c000000,0x000000078c380000)
 ParOldGen       total 9728K, used 5327K [0x0000000722200000, 0x0000000722b80000, 0x000000078b600000)
  object space 9728K, 54% used [0x0000000722200000,0x0000000722733d10,0x0000000722b80000)
 Metaspace       used 7880K, capacity 8564K, committed 8704K, reserved 1056768K
  class space    used 921K, capacity 944K, committed 1024K, reserved 1048576K
Event: 0.815 GC heap after
Heap after GC invocations=10 (full 1):
 PSYoungGen      total 13824K, used 3579K [0x000000078b600000, 0x000000078cb80000, 0x00000007c0000000)
  eden space 10240K, 0% used [0x000000078b600000,0x000000078b600000,0x000000078c000000)
  from space 3584K, 99% used [0x000000078c000000,0x000000078c37ed28,0x000000078c380000)
  to   space 4608K, 0% used [0x000000078c700000,0x000000078c700000,0x000000078cb80000)
 ParOldGen       total 9728K, used 5847K [0x0000000722200000, 0x0000000722b80000, 0x000000078b600000)
  object space 9728K, 60% used [0x0000000722200000,0x00000007227b5cd0,0x0000000722b80000)
 Metaspace       used 7880K, capacity 8564K, committed 8704K, reserved 1056768K
  class space    used 921K, capacity 944K, committed 1024K, reserved 1048576K
}
Event: 0.929 GC heap before
{Heap before GC invocations=11 (full 1):
 PSYoungGen      total 13824K, used 13819K [0x000000078b600000, 0x000000078cb80000, 0x00000007c0000000)
  eden space 10240K, 100% used [0x000000078b600000,0x000000078c000000,0x000000078c000000)
  from space 3584K, 99% used [0x000000078c000000,0x000000078c37ed28,0x000000078c380000)
  to   space 4608K, 0% used [0x000000078c700000,0x000000078c700000,0x000000078cb80000)
 ParOldGen       total 9728K, used 5847K [0x0000000722200000, 0x0000000722b80000, 0x000000078b600000)
  object space 9728K, 60% used [0x0000000722200000,0x00000007227b5cd0,0x0000000722b80000)
 Metaspace       used 8049K, capacity 8756K, committed 8960K, reserved 1056768K
  class space    used 922K, capacity 944K, committed 1024K, reserved 1048576K
Event: 0.932 GC heap after
Heap after GC invocations=11 (full 1):
 PSYoungGen      total 16384K, used 4604K [0x000000078b600000, 0x000000078cd00000, 0x00000007c0000000)
  eden space 11776K, 0% used [0x000000078b600000,0x000000078b600000,0x000000078c180000)
  from space 4608K, 99% used [0x000000078c700000,0x000000078cb7f2b8,0x000000078cb80000)
  to   space 5632K, 0% used [0x000000078c180000,0x000000078c180000,0x000000078c700000)
 ParOldGen       total 9728K, used 6983K [0x0000000722200000, 0x0000000722b80000, 0x000000078b600000)
  object space 9728K, 71% used [0x0000000722200000,0x00000007228d1f98,0x0000000722b80000)
 Metaspace       used 8049K, capacity 8756K, committed 8960K, reserved 1056768K
  class space    used 922K, capacity 944K, committed 1024K, reserved 1048576K
}
Event: 1.257 GC heap before
{Heap before GC invocations=12 (full 1):
 PSYoungGen      total 16384K, used 16380K [0x000000078b600000, 0x000000078cd00000, 0x00000007c0000000)
  eden space 11776K, 100% used [0x000000078b600000,0x000000078c180000,0x000000078c180000)
  from space 4608K, 99% used [0x000000078c700000,0x000000078cb7f2b8,0x000000078cb80000)
  to   space 5632K, 0% used [0x000000078c180000,0x000000078c180000,0x000000078c700000)
 ParOldGen       total 9728K, used 6983K [0x0000000722200000, 0x0000000722b80000, 0x000000078b600000)
  object space 9728K, 71% used [0x0000000722200000,0x00000007228d1f98,0x0000000722b80000)
 Metaspace       used 9609K, capacity 9972K, committed 10112K, reserved 1058816K
  class space    used 1080K, capacity 1136K, committed 1152K, reserved 1048576K
Event: 1.260 GC heap after
Heap after GC invocations=12 (full 1):
 PSYoungGen      total 17408K, used 1728K [0x000000078b600000, 0x000000078cd00000, 0x00000007c0000000)
  eden space 11776K, 0% used [0x000000078b600000,0x000000078b600000,0x000000078c180000)
  from space 5632K, 30% used [0x000000078c180000,0x000000078c330198,0x000000078c700000)
  to   space 4608K, 0% used [0x000000078c700000,0x000000078c700000,0x000000078cb80000)
 ParOldGen       total 11776K, used 11529K [0x0000000722200000, 0x0000000722d80000, 0x000000078b600000)
  object space 11776K, 97% used [0x0000000722200000,0x0000000722d426d8,0x0000000722d80000)
 Metaspace       used 9609K, capacity 9972K, committed 10112K, reserved 1058816K
  class space    used 1080K, capacity 1136K, committed 1152K, reserved 1048576K
}
Event: 1.260 GC heap before
{Heap before GC invocations=13 (full 2):
 PSYoungGen      total 17408K, used 1728K [0x000000078b600000, 0x000000078cd00000, 0x00000007c0000000)
  eden space 11776K, 0% used [0x000000078b600000,0x000000078b600000,0x000000078c180000)
  from space 5632K, 30% used [0x000000078c180000,0x000000078c330198,0x000000078c700000)
  to   space 4608K, 0% used [0x000000078c700000,0x000000078c700000,0x000000078cb80000)
 ParOldGen       total 11776K, used 11529K [0x0000000722200000, 0x0000000722d80000, 0x000000078b600000)
  object space 11776K, 97% used [0x0000000722200000,0x0000000722d426d8,0x0000000722d80000)
 Metaspace       used 9609K, capacity 9972K, committed 10112K, reserved 1058816K
  class space    used 1080K, capacity 1136K, committed 1152K, reserved 1048576K
Event: 1.332 GC heap after
Heap after GC invocations=13 (full 2):
 PSYoungGen      total 17408K, used 469K [0x000000078b600000, 0x000000078cd00000, 0x00000007c0000000)
  eden space 11776K, 0% used [0x000000078b600000,0x000000078b600000,0x000000078c180000)
  from space 5632K, 8% used [0x000000078c180000,0x000000078c1f54a8,0x000000078c700000)
  to   space 4608K, 0% used [0x000000078c700000,0x000000078c700000,0x000000078cb80000)
 ParOldGen       total 11776K, used 11493K [0x0000000722200000, 0x0000000722d80000, 0x000000078b600000)
  object space 11776K, 97% used [0x0000000722200000,0x0000000722d39788,0x0000000722d80000)
 Metaspace       used 9609K, capacity 9972K, committed 10112K, reserved 1058816K
  class space    used 1080K, capacity 1136K, committed 1152K, reserved 1048576K
}

